<?xml version="1.0" encoding="UTF-8"?>
<!-- Generated by org.testng.reporters.JUnitReportReporter -->
<testsuite skipped="40" hostname="SANGEETHA-PC" name="Test.EventsTest" tests="41" failures="0" timestamp="21 Oct 2020 17:22:29 GMT" time="62.071" errors="0">
  <testcase name="vaidateTC_EP_084" time="62.071" classname="Test.EventsTest"/>
  <testcase name="vaidateTC_CF_033" classname="Test.EventsTest">
    <skipped/>
  </testcase> <!-- vaidateTC_CF_033 -->
  <testcase name="vaidateTC_CF_011" classname="Test.EventsTest">
    <skipped/>
  </testcase> <!-- vaidateTC_CF_011 -->
  <testcase name="vaidateTC_CF_019" classname="Test.EventsTest">
    <skipped/>
  </testcase> <!-- vaidateTC_CF_019 -->
  <testcase name="vaidateTC_EP_063" classname="Test.EventsTest">
    <skipped/>
  </testcase> <!-- vaidateTC_EP_063 -->
  <testcase name="vaidateTC_EP_087" classname="Test.EventsTest">
    <skipped/>
  </testcase> <!-- vaidateTC_EP_087 -->
  <testcase name="vaidateTC_CF_041" classname="Test.EventsTest">
    <skipped/>
  </testcase> <!-- vaidateTC_CF_041 -->
  <testcase name="vaidateTC_CF_042" classname="Test.EventsTest">
    <skipped/>
  </testcase> <!-- vaidateTC_CF_042 -->
  <testcase name="vaidateTC_CF_003" classname="Test.EventsTest">
    <skipped/>
  </testcase> <!-- vaidateTC_CF_003 -->
  <testcase name="vaidateTC_CF_004" classname="Test.EventsTest">
    <skipped/>
  </testcase> <!-- vaidateTC_CF_004 -->
  <testcase name="vaidateTC_CF_023" classname="Test.EventsTest">
    <skipped/>
  </testcase> <!-- vaidateTC_CF_023 -->
  <testcase name="vaidateTC_CF_024" classname="Test.EventsTest">
    <skipped/>
  </testcase> <!-- vaidateTC_CF_024 -->
  <testcase name="vaidateTC_CF_029" classname="Test.EventsTest">
    <skipped/>
  </testcase> <!-- vaidateTC_CF_029 -->
  <testcase name="vaidateTC_CF_009" classname="Test.EventsTest">
    <skipped/>
  </testcase> <!-- vaidateTC_CF_009 -->
  <testcase name="vaidateTC_CF_022" classname="Test.EventsTest">
    <skipped/>
  </testcase> <!-- vaidateTC_CF_022 -->
  <testcase name="vaidateTC_EP_088" classname="Test.EventsTest">
    <skipped/>
  </testcase> <!-- vaidateTC_EP_088 -->
  <testcase name="vaidateTC_EP_089" classname="Test.EventsTest">
    <skipped/>
  </testcase> <!-- vaidateTC_EP_089 -->
  <testcase name="vaidateTC_EP_069" classname="Test.EventsTest">
    <skipped/>
  </testcase> <!-- vaidateTC_EP_069 -->
  <testcase name="vaidateTC_EP_070" classname="Test.EventsTest">
    <skipped/>
  </testcase> <!-- vaidateTC_EP_070 -->
  <testcase name="vaidateTC_EP_071" classname="Test.EventsTest">
    <skipped/>
  </testcase> <!-- vaidateTC_EP_071 -->
  <testcase name="vaidateTC_EP_072" classname="Test.EventsTest">
    <skipped/>
  </testcase> <!-- vaidateTC_EP_072 -->
  <testcase name="vaidateTC_EP_073" classname="Test.EventsTest">
    <skipped/>
  </testcase> <!-- vaidateTC_EP_073 -->
  <testcase name="vaidateTC_CE_057" classname="Test.EventsTest">
    <skipped/>
  </testcase> <!-- vaidateTC_CE_057 -->
  <testcase name="vaidateTC_CF_010" classname="Test.EventsTest">
    <skipped/>
  </testcase> <!-- vaidateTC_CF_010 -->
  <testcase name="vaidateTC_EP_074" classname="Test.EventsTest">
    <skipped/>
  </testcase> <!-- vaidateTC_EP_074 -->
  <testcase name="vaidateTC_CE_058" classname="Test.EventsTest">
    <skipped/>
  </testcase> <!-- vaidateTC_CE_058 -->
  <testcase name="vaidateTC_EP_075" classname="Test.EventsTest">
    <skipped/>
  </testcase> <!-- vaidateTC_EP_075 -->
  <testcase name="vaidateTC_EP_032" classname="Test.EventsTest">
    <skipped/>
  </testcase> <!-- vaidateTC_EP_032 -->
  <testcase name="vaidateTC_CF_030" classname="Test.EventsTest">
    <skipped/>
  </testcase> <!-- vaidateTC_CF_030 -->
  <testcase name="vaidateTC_CF_014" classname="Test.EventsTest">
    <skipped/>
  </testcase> <!-- vaidateTC_CF_014 -->
  <testcase name="vaidateTC_CE_053" classname="Test.EventsTest">
    <skipped/>
  </testcase> <!-- vaidateTC_CE_053 -->
  <testcase name="vaidateTC_CF_015" classname="Test.EventsTest">
    <skipped/>
  </testcase> <!-- vaidateTC_CF_015 -->
  <testcase name="vaidateTC_CE_054" classname="Test.EventsTest">
    <skipped/>
  </testcase> <!-- vaidateTC_CE_054 -->
  <testcase name="vaidateTC_CE_055" classname="Test.EventsTest">
    <skipped/>
  </testcase> <!-- vaidateTC_CE_055 -->
  <testcase name="vaidateTC_CF_078" classname="Test.EventsTest">
    <skipped/>
  </testcase> <!-- vaidateTC_CF_078 -->
  <testcase name="vaidateTC_CF_034" classname="Test.EventsTest">
    <skipped/>
  </testcase> <!-- vaidateTC_CF_034 -->
  <testcase name="vaidateTC_CF_013" classname="Test.EventsTest">
    <skipped/>
  </testcase> <!-- vaidateTC_CF_013 -->
  <testcase name="vaidateTC_CF_035" classname="Test.EventsTest">
    <skipped/>
  </testcase> <!-- vaidateTC_CF_035 -->
  <testcase name="vaidateTC_CF_018" classname="Test.EventsTest">
    <skipped/>
  </testcase> <!-- vaidateTC_CF_018 -->
  <testcase name="vaidateTC_CE_051" classname="Test.EventsTest">
    <skipped/>
  </testcase> <!-- vaidateTC_CE_051 -->
  <testcase name="vaidateTC_CF_017" classname="Test.EventsTest">
    <skipped/>
  </testcase> <!-- vaidateTC_CF_017 -->
</testsuite> <!-- Test.EventsTest -->
