<?xml version="1.0" encoding="UTF-8"?>
<!-- Generated by org.testng.reporters.JUnitReportReporter -->
<testsuite skipped="0" hostname="SANGEETHA-PC" name="Test.PollsTest" tests="1" failures="0" timestamp="09 Nov 2020 08:17:51 GMT" time="66.469" errors="0">
  <testcase name="vaidateTC_P_003" time="66.469" classname="Test.PollsTest"/>
</testsuite> <!-- Test.PollsTest -->
