<?xml version="1.0" encoding="UTF-8"?>
<!-- Generated by org.testng.reporters.JUnitReportReporter -->
<testsuite skipped="41" hostname="SANGEETHA-PC" name="Test.AppointmentTest" tests="42" failures="0" timestamp="28 Oct 2020 07:37:20 GMT" time="72.236" errors="0">
  <testcase name="vaidateTC_APP_003" time="72.236" classname="Test.AppointmentTest"/>
  <testcase name="vaidateTC_APP_042" classname="Test.AppointmentTest">
    <skipped/>
  </testcase> <!-- vaidateTC_APP_042 -->
  <testcase name="vaidateTC_APP_021" classname="Test.AppointmentTest">
    <skipped/>
  </testcase> <!-- vaidateTC_APP_021 -->
  <testcase name="vaidateTC_BAA_073" classname="Test.AppointmentTest">
    <skipped/>
  </testcase> <!-- vaidateTC_BAA_073 -->
  <testcase name="vaidateTC_APP_043" classname="Test.AppointmentTest">
    <skipped/>
  </testcase> <!-- vaidateTC_APP_043 -->
  <testcase name="vaidateTC_APP_041" classname="Test.AppointmentTest">
    <skipped/>
  </testcase> <!-- vaidateTC_APP_041 -->
  <testcase name="vaidateTC_BAA_075" classname="Test.AppointmentTest">
    <skipped/>
  </testcase> <!-- vaidateTC_BAA_075 -->
  <testcase name="vaidateTC_BAA_077" classname="Test.AppointmentTest">
    <skipped/>
  </testcase> <!-- vaidateTC_BAA_077 -->
  <testcase name="vaidateTC_APP_022" classname="Test.AppointmentTest">
    <skipped/>
  </testcase> <!-- vaidateTC_APP_022 -->
  <testcase name="vaidateTC_SBAA_083" classname="Test.AppointmentTest">
    <skipped/>
  </testcase> <!-- vaidateTC_SBAA_083 -->
  <testcase name="vaidateTC_SBAA_098" classname="Test.AppointmentTest">
    <skipped/>
  </testcase> <!-- vaidateTC_SBAA_098 -->
  <testcase name="vaidateTC_SBAA_096" classname="Test.AppointmentTest">
    <skipped/>
  </testcase> <!-- vaidateTC_SBAA_096 -->
  <testcase name="vaidateTC_APP_048" classname="Test.AppointmentTest">
    <skipped/>
  </testcase> <!-- vaidateTC_APP_048 -->
  <testcase name="vaidateTC_APP_028" classname="Test.AppointmentTest">
    <skipped/>
  </testcase> <!-- vaidateTC_APP_028 -->
  <testcase name="vaidateTC_APP_029" classname="Test.AppointmentTest">
    <skipped/>
  </testcase> <!-- vaidateTC_APP_029 -->
  <testcase name="vaidateTC_APP_027" classname="Test.AppointmentTest">
    <skipped/>
  </testcase> <!-- vaidateTC_APP_027 -->
  <testcase name="vaidateTC_APP_049" classname="Test.AppointmentTest">
    <skipped/>
  </testcase> <!-- vaidateTC_APP_049 -->
  <testcase name="vaidateTC_APP_047" classname="Test.AppointmentTest">
    <skipped/>
  </testcase> <!-- vaidateTC_APP_047 -->
  <testcase name="vaidateTC_APP_008" classname="Test.AppointmentTest">
    <skipped/>
  </testcase> <!-- vaidateTC_APP_008 -->
  <testcase name="vaidateTC_APP_053" classname="Test.AppointmentTest">
    <skipped/>
  </testcase> <!-- vaidateTC_APP_053 -->
  <testcase name="vaidateTC_APP_031" classname="Test.AppointmentTest">
    <skipped/>
  </testcase> <!-- vaidateTC_APP_031 -->
  <testcase name="vaidateTC_BAA_062" classname="Test.AppointmentTest">
    <skipped/>
  </testcase> <!-- vaidateTC_BAA_062 -->
  <testcase name="vaidateTC_APP_052" classname="Test.AppointmentTest">
    <skipped/>
  </testcase> <!-- vaidateTC_APP_052 -->
  <testcase name="vaidateTC_BAA_064" classname="Test.AppointmentTest">
    <skipped/>
  </testcase> <!-- vaidateTC_BAA_064 -->
  <testcase name="vaidateTC_BAA_063" classname="Test.AppointmentTest">
    <skipped/>
  </testcase> <!-- vaidateTC_BAA_063 -->
  <testcase name="vaidateTC_SBAA_090" classname="Test.AppointmentTest">
    <skipped/>
  </testcase> <!-- vaidateTC_SBAA_090 -->
  <testcase name="vaidateTC_SBAA_094" classname="Test.AppointmentTest">
    <skipped/>
  </testcase> <!-- vaidateTC_SBAA_094 -->
  <testcase name="vaidateTC_SBAA_091" classname="Test.AppointmentTest">
    <skipped/>
  </testcase> <!-- vaidateTC_SBAA_091 -->
  <testcase name="vaidateTC_SBAA_092" classname="Test.AppointmentTest">
    <skipped/>
  </testcase> <!-- vaidateTC_SBAA_092 -->
  <testcase name="vaidateTC_SBAA_087" classname="Test.AppointmentTest">
    <skipped/>
  </testcase> <!-- vaidateTC_SBAA_087 -->
  <testcase name="vaidateTC_SBAA_084" classname="Test.AppointmentTest">
    <skipped/>
  </testcase> <!-- vaidateTC_SBAA_084 -->
  <testcase name="vaidateTC_SBAA_085" classname="Test.AppointmentTest">
    <skipped/>
  </testcase> <!-- vaidateTC_SBAA_085 -->
  <testcase name="vaidateTC_APP_015" classname="Test.AppointmentTest">
    <skipped/>
  </testcase> <!-- vaidateTC_APP_015 -->
  <testcase name="vaidateTC_SBAA_102" classname="Test.AppointmentTest">
    <skipped/>
  </testcase> <!-- vaidateTC_SBAA_102 -->
  <testcase name="vaidateTC_BAA_068" classname="Test.AppointmentTest">
    <skipped/>
  </testcase> <!-- vaidateTC_BAA_068 -->
  <testcase name="vaidateTC_APP_23" classname="Test.AppointmentTest">
    <skipped/>
  </testcase> <!-- vaidateTC_APP_23 -->
  <testcase name="vaidateTC_APP_017" classname="Test.AppointmentTest">
    <skipped/>
  </testcase> <!-- vaidateTC_APP_017 -->
  <testcase name="vaidateTC_APP_040" classname="Test.AppointmentTest">
    <skipped/>
  </testcase> <!-- vaidateTC_APP_040 -->
  <testcase name="vaidateTC_BAA_072" classname="Test.AppointmentTest">
    <skipped/>
  </testcase> <!-- vaidateTC_BAA_072 -->
  <testcase name="vaidateTC_APP_014" classname="Test.AppointmentTest">
    <skipped/>
  </testcase> <!-- vaidateTC_APP_014 -->
  <testcase name="vaidateTC_APP_036" classname="Test.AppointmentTest">
    <skipped/>
  </testcase> <!-- vaidateTC_APP_036 -->
  <testcase name="vaidateTC_SBAA_086" classname="Test.AppointmentTest">
    <skipped/>
  </testcase> <!-- vaidateTC_SBAA_086 -->
</testsuite> <!-- Test.AppointmentTest -->
