<?xml version="1.0" encoding="UTF-8"?>
<!-- Generated by org.testng.reporters.JUnitReportReporter -->
<testsuite skipped="17" hostname="SANGEETHA-PC" name="Test.ServiceDeskTest" tests="18" failures="0" timestamp="01 Sep 2020 09:20:49 GMT" time="160.491" errors="0">
  <testcase name="vaidateTC_SD_069" time="160.491" classname="Test.ServiceDeskTest"/>
  <testcase name="vaidateTC_SD_023" classname="Test.ServiceDeskTest">
    <skipped/>
  </testcase> <!-- vaidateTC_SD_023 -->
  <testcase name="vaidateTC_SD_067" classname="Test.ServiceDeskTest">
    <skipped/>
  </testcase> <!-- vaidateTC_SD_067 -->
  <testcase name="vaidateTC_SD_061" classname="Test.ServiceDeskTest">
    <skipped/>
  </testcase> <!-- vaidateTC_SD_061 -->
  <testcase name="vaidateTC_SD_040" classname="Test.ServiceDeskTest">
    <skipped/>
  </testcase> <!-- vaidateTC_SD_040 -->
  <testcase name="vaidateTC_SD_051" classname="Test.ServiceDeskTest">
    <skipped/>
  </testcase> <!-- vaidateTC_SD_051 -->
  <testcase name="vaidateTC_SD_031" classname="Test.ServiceDeskTest">
    <skipped/>
  </testcase> <!-- vaidateTC_SD_031 -->
  <testcase name="vaidateTC_SD_020" classname="Test.ServiceDeskTest">
    <skipped/>
  </testcase> <!-- vaidateTC_SD_020 -->
  <testcase name="vaidateTC_SD_033" classname="Test.ServiceDeskTest">
    <skipped/>
  </testcase> <!-- vaidateTC_SD_033 -->
  <testcase name="vaidateTC_SD_035" classname="Test.ServiceDeskTest">
    <skipped/>
  </testcase> <!-- vaidateTC_SD_035 -->
  <testcase name="vaidateTC_SD_068" classname="Test.ServiceDeskTest">
    <skipped/>
  </testcase> <!-- vaidateTC_SD_068 -->
  <testcase name="vaidateTC_SD_024" classname="Test.ServiceDeskTest">
    <skipped/>
  </testcase> <!-- vaidateTC_SD_024 -->
  <testcase name="vaidateTC_SD_036" classname="Test.ServiceDeskTest">
    <skipped/>
  </testcase> <!-- vaidateTC_SD_036 -->
  <testcase name="vaidateTC_SD_025" classname="Test.ServiceDeskTest">
    <skipped/>
  </testcase> <!-- vaidateTC_SD_025 -->
  <testcase name="vaidateTC_SD_037" classname="Test.ServiceDeskTest">
    <skipped/>
  </testcase> <!-- vaidateTC_SD_037 -->
  <testcase name="vaidateTC_SD_030" classname="Test.ServiceDeskTest">
    <skipped/>
  </testcase> <!-- vaidateTC_SD_030 -->
  <testcase name="vaidateTC_SD_028" classname="Test.ServiceDeskTest">
    <skipped/>
  </testcase> <!-- vaidateTC_SD_028 -->
  <testcase name="vaidateTC_SD_049" classname="Test.ServiceDeskTest">
    <skipped/>
  </testcase> <!-- vaidateTC_SD_049 -->
</testsuite> <!-- Test.ServiceDeskTest -->
