<?xml version="1.0" encoding="UTF-8"?>
<!-- Generated by org.testng.reporters.JUnitReportReporter -->
<testsuite skipped="21" hostname="SANGEETHA-PC" name="Test.NotificationTest" tests="22" failures="1" timestamp="23 Oct 2020 06:52:08 GMT" time="90.332" errors="0">
  <testcase name="validateTC_N_025" time="90.332" classname="Test.NotificationTest">
    <failure type="java.lang.AssertionError" message="non mobile users counts are not changed expected [false] but found [true]">
      <![CDATA[java.lang.AssertionError: non mobile users counts are not changed expected [false] but found [true]
at org.testng.Assert.fail(Assert.java:96)
at org.testng.Assert.failNotEquals(Assert.java:776)
at org.testng.Assert.assertFalse(Assert.java:65)
at Test.NotificationTest.validateTC_N_025(NotificationTest.java:931)
at sun.reflect.NativeMethodAccessorImpl.invoke0(Native Method)
at sun.reflect.NativeMethodAccessorImpl.invoke(NativeMethodAccessorImpl.java:62)
at sun.reflect.DelegatingMethodAccessorImpl.invoke(DelegatingMethodAccessorImpl.java:43)
at java.lang.reflect.Method.invoke(Method.java:498)
at org.testng.internal.MethodInvocationHelper.invokeMethod(MethodInvocationHelper.java:124)
at org.testng.internal.Invoker.invokeMethod(Invoker.java:583)
at org.testng.internal.Invoker.invokeTestMethod(Invoker.java:719)
at org.testng.internal.Invoker.invokeTestMethods(Invoker.java:989)
at org.testng.internal.TestMethodWorker.invokeTestMethods(TestMethodWorker.java:125)
at org.testng.internal.TestMethodWorker.run(TestMethodWorker.java:109)
at org.testng.TestRunner.privateRun(TestRunner.java:648)
at org.testng.TestRunner.run(TestRunner.java:505)
at org.testng.SuiteRunner.runTest(SuiteRunner.java:455)
at org.testng.SuiteRunner.runSequentially(SuiteRunner.java:450)
at org.testng.SuiteRunner.privateRun(SuiteRunner.java:415)
at org.testng.SuiteRunner.run(SuiteRunner.java:364)
at org.testng.SuiteRunnerWorker.runSuite(SuiteRunnerWorker.java:52)
at org.testng.SuiteRunnerWorker.run(SuiteRunnerWorker.java:84)
at org.testng.TestNG.runSuitesSequentially(TestNG.java:1208)
at org.testng.TestNG.runSuitesLocally(TestNG.java:1137)
at org.testng.TestNG.runSuites(TestNG.java:1049)
at org.testng.TestNG.run(TestNG.java:1017)
at org.testng.remote.AbstractRemoteTestNG.run(AbstractRemoteTestNG.java:115)
at org.testng.remote.RemoteTestNG.initAndRun(RemoteTestNG.java:251)
at org.testng.remote.RemoteTestNG.main(RemoteTestNG.java:77)
]]>
    </failure>
  </testcase> <!-- validateTC_N_025 -->
  <testcase name="validateTC_N_013" classname="Test.NotificationTest">
    <skipped/>
  </testcase> <!-- validateTC_N_013 -->
  <testcase name="validateTC_N_046" classname="Test.NotificationTest">
    <skipped/>
  </testcase> <!-- validateTC_N_046 -->
  <testcase name="validateTC_N_010" classname="Test.NotificationTest">
    <skipped/>
  </testcase> <!-- validateTC_N_010 -->
  <testcase name="validateTC_N_011" classname="Test.NotificationTest">
    <skipped/>
  </testcase> <!-- validateTC_N_011 -->
  <testcase name="validateTC_N_022" classname="Test.NotificationTest">
    <skipped/>
  </testcase> <!-- validateTC_N_022 -->
  <testcase name="validateTC_N_033" classname="Test.NotificationTest">
    <skipped/>
  </testcase> <!-- validateTC_N_033 -->
  <testcase name="validateTC_N_030" classname="Test.NotificationTest">
    <skipped/>
  </testcase> <!-- validateTC_N_030 -->
  <testcase name="validateTC_N_020" classname="Test.NotificationTest">
    <skipped/>
  </testcase> <!-- validateTC_N_020 -->
  <testcase name="validateTC_N_040" classname="Test.NotificationTest">
    <skipped/>
  </testcase> <!-- validateTC_N_040 -->
  <testcase name="validateTC_N_009" classname="Test.NotificationTest">
    <skipped/>
  </testcase> <!-- validateTC_N_009 -->
  <testcase name="validateTC_N_007" classname="Test.NotificationTest">
    <skipped/>
  </testcase> <!-- validateTC_N_007 -->
  <testcase name="validateTC_N_018" classname="Test.NotificationTest">
    <skipped/>
  </testcase> <!-- validateTC_N_018 -->
  <testcase name="validateTC_N_008" classname="Test.NotificationTest">
    <skipped/>
  </testcase> <!-- validateTC_N_008 -->
  <testcase name="validateTC_N_005" classname="Test.NotificationTest">
    <skipped/>
  </testcase> <!-- validateTC_N_005 -->
  <testcase name="validateTC_N_006" classname="Test.NotificationTest">
    <skipped/>
  </testcase> <!-- validateTC_N_006 -->
  <testcase name="validateTC_N_017" classname="Test.NotificationTest">
    <skipped/>
  </testcase> <!-- validateTC_N_017 -->
  <testcase name="validateTC_N_028" classname="Test.NotificationTest">
    <skipped/>
  </testcase> <!-- validateTC_N_028 -->
  <testcase name="validateTC_N_003" classname="Test.NotificationTest">
    <skipped/>
  </testcase> <!-- validateTC_N_003 -->
  <testcase name="validateTC_N_014" classname="Test.NotificationTest">
    <skipped/>
  </testcase> <!-- validateTC_N_014 -->
  <testcase name="validateTC_N_015" classname="Test.NotificationTest">
    <skipped/>
  </testcase> <!-- validateTC_N_015 -->
  <testcase name="validateTC_N_004" classname="Test.NotificationTest">
    <skipped/>
  </testcase> <!-- validateTC_N_004 -->
</testsuite> <!-- Test.NotificationTest -->
