<?xml version="1.0" encoding="UTF-8"?>
<!-- Generated by org.testng.reporters.JUnitReportReporter -->
<testsuite skipped="38" hostname="SANGEETHA-PC" name="Test.CampusNewsTest" tests="39" failures="0" timestamp="06 Nov 2020 15:37:22 GMT" time="45.556" errors="0">
  <testcase name="validateTC_CN_076" time="45.556" classname="Test.CampusNewsTest"/>
  <testcase name="validateTC_CN_026" classname="Test.CampusNewsTest">
    <skipped/>
  </testcase> <!-- validateTC_CN_026 -->
  <testcase name="validateTC_CN_025" classname="Test.CampusNewsTest">
    <skipped/>
  </testcase> <!-- validateTC_CN_025 -->
  <testcase name="validateTC_CN_046" classname="Test.CampusNewsTest">
    <skipped/>
  </testcase> <!-- validateTC_CN_046 -->
  <testcase name="validateTC_CN_024" classname="Test.CampusNewsTest">
    <skipped/>
  </testcase> <!-- validateTC_CN_024 -->
  <testcase name="validateTC_CN_001" classname="Test.CampusNewsTest">
    <skipped/>
  </testcase> <!-- validateTC_CN_001 -->
  <testcase name="validateTC_CN_045" classname="Test.CampusNewsTest">
    <skipped/>
  </testcase> <!-- validateTC_CN_045 -->
  <testcase name="validateTC_CN_023" classname="Test.CampusNewsTest">
    <skipped/>
  </testcase> <!-- validateTC_CN_023 -->
  <testcase name="validateTC_CN_005" classname="Test.CampusNewsTest">
    <skipped/>
  </testcase> <!-- validateTC_CN_005 -->
  <testcase name="validateTC_CN_040" classname="Test.CampusNewsTest">
    <skipped/>
  </testcase> <!-- validateTC_CN_040 -->
  <testcase name="validateTC_CN_081" classname="Test.CampusNewsTest">
    <skipped/>
  </testcase> <!-- validateTC_CN_081 -->
  <testcase name="validateTC_CN_022" classname="Test.CampusNewsTest">
    <skipped/>
  </testcase> <!-- validateTC_CN_022 -->
  <testcase name="validateTC_CN_021" classname="Test.CampusNewsTest">
    <skipped/>
  </testcase> <!-- validateTC_CN_021 -->
  <testcase name="validateTC_CN_043" classname="Test.CampusNewsTest">
    <skipped/>
  </testcase> <!-- validateTC_CN_043 -->
  <testcase name="validateTC_CN_020" classname="Test.CampusNewsTest">
    <skipped/>
  </testcase> <!-- validateTC_CN_020 -->
  <testcase name="validateTC_CN_042" classname="Test.CampusNewsTest">
    <skipped/>
  </testcase> <!-- validateTC_CN_042 -->
  <testcase name="validateTC_CN_041" classname="Test.CampusNewsTest">
    <skipped/>
  </testcase> <!-- validateTC_CN_041 -->
  <testcase name="validateTC_CN_091" classname="Test.CampusNewsTest">
    <skipped/>
  </testcase> <!-- validateTC_CN_091 -->
  <testcase name="validateTC_CN_014" classname="Test.CampusNewsTest">
    <skipped/>
  </testcase> <!-- validateTC_CN_014 -->
  <testcase name="validateTC_CN_079" classname="Test.CampusNewsTest">
    <skipped/>
  </testcase> <!-- validateTC_CN_079 -->
  <testcase name="validateTC_CN_013" classname="Test.CampusNewsTest">
    <skipped/>
  </testcase> <!-- validateTC_CN_013 -->
  <testcase name="validateTC_CN_019" classname="Test.CampusNewsTest">
    <skipped/>
  </testcase> <!-- validateTC_CN_019 -->
  <testcase name="validateTC_CN_016" classname="Test.CampusNewsTest">
    <skipped/>
  </testcase> <!-- validateTC_CN_016 -->
  <testcase name="validateTC_CN_095" classname="Test.CampusNewsTest">
    <skipped/>
  </testcase> <!-- validateTC_CN_095 -->
  <testcase name="validateTC_CN_073" classname="Test.CampusNewsTest">
    <skipped/>
  </testcase> <!-- validateTC_CN_073 -->
  <testcase name="validateTC_CN_094" classname="Test.CampusNewsTest">
    <skipped/>
  </testcase> <!-- validateTC_CN_094 -->
  <testcase name="validateTC_CN_072" classname="Test.CampusNewsTest">
    <skipped/>
  </testcase> <!-- validateTC_CN_072 -->
  <testcase name="validateTC_CN_071" classname="Test.CampusNewsTest">
    <skipped/>
  </testcase> <!-- validateTC_CN_071 -->
  <testcase name="validateTC_CN_092" classname="Test.CampusNewsTest">
    <skipped/>
  </testcase> <!-- validateTC_CN_092 -->
  <testcase name="validateTC_CN_070" classname="Test.CampusNewsTest">
    <skipped/>
  </testcase> <!-- validateTC_CN_070 -->
  <testcase name="validateTC_CN_077" classname="Test.CampusNewsTest">
    <skipped/>
  </testcase> <!-- validateTC_CN_077 -->
  <testcase name="validateTC_CN_033" classname="Test.CampusNewsTest">
    <skipped/>
  </testcase> <!-- validateTC_CN_033 -->
  <testcase name="validateTC_CN_010" classname="Test.CampusNewsTest">
    <skipped/>
  </testcase> <!-- validateTC_CN_010 -->
  <testcase name="validateTC_CN_032" classname="Test.CampusNewsTest">
    <skipped/>
  </testcase> <!-- validateTC_CN_032 -->
  <testcase name="validateTC_CN_054" classname="Test.CampusNewsTest">
    <skipped/>
  </testcase> <!-- validateTC_CN_054 -->
  <testcase name="validateTC_CN_031" classname="Test.CampusNewsTest">
    <skipped/>
  </testcase> <!-- validateTC_CN_031 -->
  <testcase name="validateTC_CN_075" classname="Test.CampusNewsTest">
    <skipped/>
  </testcase> <!-- validateTC_CN_075 -->
  <testcase name="validateTC_CN_030" classname="Test.CampusNewsTest">
    <skipped/>
  </testcase> <!-- validateTC_CN_030 -->
  <testcase name="validateTC_CN_096" classname="Test.CampusNewsTest">
    <skipped/>
  </testcase> <!-- validateTC_CN_096 -->
</testsuite> <!-- Test.CampusNewsTest -->
